<?xml version="1.0" encoding="UTF-8"?>
<!-- Generated by org.testng.reporters.JUnitXMLReporter -->
<testsuite hostname="TNR" failures="1" tests="21" name="Regression1" time="703.068" errors="0" timestamp="19 Oct 2022 11:48:20 GMT">
  <testcase classname="com.hrm.testscripts.TC001_PIM_AddEmpDetails" name="add" time="28.13"/>
  <testcase classname="com.hrm.testscripts.TC002_PIM_Education" name="education" time="42.867"/>
  <testcase classname="com.hrm.testscripts.TC003_PIM_SalaryDetails" name="salary" time="39.088"/>
  <testcase classname="com.hrm.testscripts.TC004_PIM_WorkExperienceDetails" name="work" time="45.155"/>
  <testcase classname="com.hrm.testscripts.TC005_PIM_Delete" name="deleteemp" time="36.231"/>
  <testcase classname="com.hrm.testscripts.TC006_PIM_EmpList_Resetemp" name="resetemp" time="22.303"/>
  <testcase classname="com.hrm.testscripts.TC007_PIM_AllLinks_EmpList" name="links" time="20.83"/>
  <testcase classname="com.hrm.testscripts.TC008_PIM_AllOptions_EmpList" name="options" time="15.425"/>
  <testcase classname="com.hrm.testscripts.TC009_PIM_PersonalDetails_EmpList" name="personal" time="53.799"/>
  <testcase classname="com.hrm.testscripts.TC010_PIM_Job_EmpList" name="job" time="52.618"/>
  <testcase classname="com.hrm.testscripts.TC011_LEAVE_leavesumm_EmpLeaveSummary" name="leave" time="33.459"/>
  <testcase classname="com.hrm.testscripts.TC012_LEAVE_DefDay_SpecHolday" name="holiday" time="35.754">
    <failure type="org.openqa.selenium.UnhandledAlertException" message="Dismissed user prompt dialog: Date is in use. Choose another date: 
Build info: version: &amp;apos;4.3.0&amp;apos;, revision: &amp;apos;a4995e2c09*&amp;apos;
System info: host: &amp;apos;TNR&amp;apos;, ip: &amp;apos;192.168.1.11&amp;apos;, os.name: &amp;apos;Windows 11&amp;apos;, os.arch: &amp;apos;amd64&amp;apos;, os.version: &amp;apos;10.0&amp;apos;, java.version: &amp;apos;17.0.3.1&amp;apos;
Driver info: org.openqa.selenium.firefox.FirefoxDriver
Command: [af7399db-ffe4-458c-b220-b541783228e4, switchToFrame {id=null}]
Capabilities {acceptInsecureCerts: true, browserName: firefox, browserVersion: 106.0, moz:accessibilityChecks: false, moz:buildID: 20221010110315, moz:debuggerAddress: 127.0.0.1:50441, moz:geckodriverVersion: 0.31.0, moz:headless: false, moz:platformVersion: 10.0, moz:processID: 27784, moz:profile: C:\Users\TNR\AppData\Local\..., moz:shutdownTimeout: 60000, moz:useNonSpecCompliantPointerOrigin: false, moz:webdriverClick: true, moz:windowless: false, pageLoadStrategy: normal, platformName: WINDOWS, proxy: Proxy(), se:cdp: ws://127.0.0.1:50441/devtoo..., se:cdpVersion: 85.0, setWindowRect: true, strictFileInteractability: false, timeouts: {implicit: 0, pageLoad: 300000, script: 30000}, unhandledPromptBehavior: dismiss and notify}
Session ID: af7399db-ffe4-458c-b220-b541783228e4">
      <![CDATA[org.openqa.selenium.UnhandledAlertException: Dismissed user prompt dialog: Date is in use. Choose another date: 
Build info: version: '4.3.0', revision: 'a4995e2c09*'
System info: host: 'TNR', ip: '192.168.1.11', os.name: 'Windows 11', os.arch: 'amd64', os.version: '10.0', java.version: '17.0.3.1'
Driver info: org.openqa.selenium.firefox.FirefoxDriver
Command: [af7399db-ffe4-458c-b220-b541783228e4, switchToFrame {id=null}]
Capabilities {acceptInsecureCerts: true, browserName: firefox, browserVersion: 106.0, moz:accessibilityChecks: false, moz:buildID: 20221010110315, moz:debuggerAddress: 127.0.0.1:50441, moz:geckodriverVersion: 0.31.0, moz:headless: false, moz:platformVersion: 10.0, moz:processID: 27784, moz:profile: C:\Users\TNR\AppData\Local\..., moz:shutdownTimeout: 60000, moz:useNonSpecCompliantPointerOrigin: false, moz:webdriverClick: true, moz:windowless: false, pageLoadStrategy: normal, platformName: WINDOWS, proxy: Proxy(), se:cdp: ws://127.0.0.1:50441/devtoo..., se:cdpVersion: 85.0, setWindowRect: true, strictFileInteractability: false, timeouts: {implicit: 0, pageLoad: 300000, script: 30000}, unhandledPromptBehavior: dismiss and notify}
Session ID: af7399db-ffe4-458c-b220-b541783228e4
	at org.openqa.selenium.remote.codec.w3c.W3CHttpResponseCodec.decode(W3CHttpResponseCodec.java:131)
	at org.openqa.selenium.remote.codec.w3c.W3CHttpResponseCodec.decode(W3CHttpResponseCodec.java:53)
	at org.openqa.selenium.remote.HttpCommandExecutor.execute(HttpCommandExecutor.java:184)
	at org.openqa.selenium.remote.service.DriverCommandExecutor.invokeExecute(DriverCommandExecutor.java:167)
	at org.openqa.selenium.remote.service.DriverCommandExecutor.execute(DriverCommandExecutor.java:142)
	at org.openqa.selenium.remote.RemoteWebDriver.execute(RemoteWebDriver.java:569)
	at org.openqa.selenium.remote.RemoteWebDriver$RemoteTargetLocator.defaultContent(RemoteWebDriver.java:1141)
	at com.hrm.Pages.LEAVE_DefineDayOff_SpecificHolidayPage.specialholiday(LEAVE_DefineDayOff_SpecificHolidayPage.java:55)
	at com.hrm.testscripts.TC012_LEAVE_DefDay_SpecHolday.holiday(TC012_LEAVE_DefDay_SpecHolday.java:18)
... Removed 24 stack frames]]>
    </failure>
  </testcase> <!-- holiday -->
  <testcase classname="com.hrm.testscripts.TC013_LEAVE_DefineDay_SpcHdayDelete" name="specifichdaydelete" time="28.722"/>
  <testcase classname="com.hrm.testscripts.TC014_LEAVE_DefineDayoff_DayOff" name="dayoff" time="18.653"/>
  <testcase classname="com.hrm.testscripts.TC015_LEAVE_DefineLeavetype_Added" name="leaveadd" time="26.872"/>
  <testcase classname="com.hrm.testscripts.TC016_LEAVE_LeaveType_Delete" name="leavedelete" time="28.3"/>
  <testcase classname="com.hrm.testscripts.TC017_LEAVE_LeaveAssign" name="leaveassign" time="43.003"/>
  <testcase classname="com.hrm.testscripts.TC018_Leave_Leavelist" name="leavelist" time="36.047"/>
  <testcase classname="com.hrm.testscripts.TC019_LEAVE_LeaveListReset" name="listreset" time="32.717"/>
  <testcase classname="com.hrm.testscripts.TC020_BENEFITS_Payschedule_Payperiod" name="payperiodadd" time="31.253"/>
  <testcase classname="com.hrm.testscripts.TC021_BENEFITS_PayrollSchedule_AddPperiodReset" name="periodDetailsreset" time="31.771"/>
</testsuite> <!-- Regression1 -->
