<?xml version="1.0" encoding="UTF-8"?>
<testng-results total="21" passed="20" failed="1" skipped="0">
  <reporter-output>
    <line>
      <![CDATA[Application Opened]]>
    </line>
    <line>
      <![CDATA[Title is not matched :OrangeHRM - New Level of HR Management]]>
    </line>
    <line>
      <![CDATA[Login Completed]]>
    </line>
    <line>
      <![CDATA[Employee Details added]]>
    </line>
    <line>
      <![CDATA[Logout completed]]>
    </line>
    <line>
      <![CDATA[Application Closed]]>
    </line>
    <line>
      <![CDATA[Application Opened]]>
    </line>
    <line>
      <![CDATA[Title is not matched :OrangeHRM - New Level of HR Management]]>
    </line>
    <line>
      <![CDATA[Login Completed]]>
    </line>
    <line>
      <![CDATA[Employee Details added]]>
    </line>
    <line>
      <![CDATA[Education details added]]>
    </line>
    <line>
      <![CDATA[Logout completed]]>
    </line>
    <line>
      <![CDATA[Application Closed]]>
    </line>
    <line>
      <![CDATA[Application Opened]]>
    </line>
    <line>
      <![CDATA[Title is not matched :OrangeHRM - New Level of HR Management]]>
    </line>
    <line>
      <![CDATA[Login Completed]]>
    </line>
    <line>
      <![CDATA[Employee Details added]]>
    </line>
    <line>
      <![CDATA[Salary details saved]]>
    </line>
    <line>
      <![CDATA[Logout completed]]>
    </line>
    <line>
      <![CDATA[Application Closed]]>
    </line>
    <line>
      <![CDATA[Application Opened]]>
    </line>
    <line>
      <![CDATA[Title is not matched :OrangeHRM - New Level of HR Management]]>
    </line>
    <line>
      <![CDATA[Login Completed]]>
    </line>
    <line>
      <![CDATA[Employee Details added]]>
    </line>
    <line>
      <![CDATA[Work Experience Details added]]>
    </line>
    <line>
      <![CDATA[Logout completed]]>
    </line>
    <line>
      <![CDATA[Application Closed]]>
    </line>
    <line>
      <![CDATA[Application Opened]]>
    </line>
    <line>
      <![CDATA[Title is not matched :OrangeHRM - New Level of HR Management]]>
    </line>
    <line>
      <![CDATA[Login Completed]]>
    </line>
    <line>
      <![CDATA[Emp Records Deleted]]>
    </line>
    <line>
      <![CDATA[Logout completed]]>
    </line>
    <line>
      <![CDATA[Application Closed]]>
    </line>
    <line>
      <![CDATA[Application Opened]]>
    </line>
    <line>
      <![CDATA[Title is not matched :OrangeHRM - New Level of HR Management]]>
    </line>
    <line>
      <![CDATA[Login Completed]]>
    </line>
    <line>
      <![CDATA[Emp Details Search Cleared]]>
    </line>
    <line>
      <![CDATA[Logout completed]]>
    </line>
    <line>
      <![CDATA[Application Closed]]>
    </line>
    <line>
      <![CDATA[Application Opened]]>
    </line>
    <line>
      <![CDATA[Title is not matched :OrangeHRM - New Level of HR Management]]>
    </line>
    <line>
      <![CDATA[Login Completed]]>
    </line>
    <line>
      <![CDATA[Here all Links:]]>
    </line>
    <line>
      <![CDATA[2-javascript:chgPage(2);]]>
    </line>
    <line>
      <![CDATA[3-javascript:chgPage(3);]]>
    </line>
    <line>
      <![CDATA[4-javascript:chgPage(4);]]>
    </line>
    <line>
      <![CDATA[5-javascript:chgPage(5);]]>
    </line>
    <line>
      <![CDATA[6-javascript:chgPage(6);]]>
    </line>
    <line>
      <![CDATA[Next-javascript:nextPage();]]>
    </line>
    <line>
      <![CDATA[Last-javascript:chgPage(72);]]>
    </line>
    <line>
      <![CDATA[Employee Id-http://183.82.103.245/nareshit/lib/controllers/CentralController.php?reqcode=EMP&VIEW=MAIN&sortField=0&sortOrder0=ASC&VIEW=MAIN#]]>
    </line>
    <line>
      <![CDATA[Employee Name-http://183.82.103.245/nareshit/lib/controllers/CentralController.php?reqcode=EMP&VIEW=MAIN&sortField=0&sortOrder0=ASC&VIEW=MAIN#]]>
    </line>
    <line>
      <![CDATA[Job Title-http://183.82.103.245/nareshit/lib/controllers/CentralController.php?reqcode=EMP&VIEW=MAIN&sortField=0&sortOrder0=ASC&VIEW=MAIN#]]>
    </line>
    <line>
      <![CDATA[Employment status-http://183.82.103.245/nareshit/lib/controllers/CentralController.php?reqcode=EMP&VIEW=MAIN&sortField=0&sortOrder0=ASC&VIEW=MAIN#]]>
    </line>
    <line>
      <![CDATA[Sub-Division-http://183.82.103.245/nareshit/lib/controllers/CentralController.php?reqcode=EMP&VIEW=MAIN&sortField=0&sortOrder0=ASC&VIEW=MAIN#]]>
    </line>
    <line>
      <![CDATA[Supervisor-http://183.82.103.245/nareshit/lib/controllers/CentralController.php?reqcode=EMP&VIEW=MAIN&sortField=0&sortOrder0=ASC&VIEW=MAIN#]]>
    </line>
    <line>
      <![CDATA[priya jyoti-http://183.82.103.245/nareshit/lib/controllers/CentralController.php?menu_no_top=hr&id=1031&capturemode=updatemode&reqcode=EMP&currentPage=1]]>
    </line>
    <line>
      <![CDATA[Abhishek Dongre-http://183.82.103.245/nareshit/lib/controllers/CentralController.php?menu_no_top=hr&id=1000&capturemode=updatemode&reqcode=EMP&currentPage=1]]>
    </line>
    <line>
      <![CDATA[Car Kia-http://183.82.103.245/nareshit/lib/controllers/CentralController.php?menu_no_top=hr&id=1000&capturemode=updatemode&reqcode=EMP&currentPage=1]]>
    </line>
    <line>
      <![CDATA[suresh selenium-http://183.82.103.245/nareshit/lib/controllers/CentralController.php?menu_no_top=hr&id=1000&capturemode=updatemode&reqcode=EMP&currentPage=1]]>
    </line>
    <line>
      <![CDATA[Sameer Kapse-http://183.82.103.245/nareshit/lib/controllers/CentralController.php?menu_no_top=hr&id=1000&capturemode=updatemode&reqcode=EMP&currentPage=1]]>
    </line>
    <line>
      <![CDATA[Abhishek Dongre-http://183.82.103.245/nareshit/lib/controllers/CentralController.php?menu_no_top=hr&id=1000&capturemode=updatemode&reqcode=EMP&currentPage=1]]>
    </line>
    <line>
      <![CDATA[Abhishek Dongre-http://183.82.103.245/nareshit/lib/controllers/CentralController.php?menu_no_top=hr&id=1000&capturemode=updatemode&reqcode=EMP&currentPage=1]]>
    </line>
    <line>
      <![CDATA[selenium Naidu-http://183.82.103.245/nareshit/lib/controllers/CentralController.php?menu_no_top=hr&id=1000&capturemode=updatemode&reqcode=EMP&currentPage=1]]>
    </line>
    <line>
      <![CDATA[selenium Naidu-http://183.82.103.245/nareshit/lib/controllers/CentralController.php?menu_no_top=hr&id=1000&capturemode=updatemode&reqcode=EMP&currentPage=1]]>
    </line>
    <line>
      <![CDATA[selenium Naidu-http://183.82.103.245/nareshit/lib/controllers/CentralController.php?menu_no_top=hr&id=1000&capturemode=updatemode&reqcode=EMP&currentPage=1]]>
    </line>
    <line>
      <![CDATA[selenium Naidu-http://183.82.103.245/nareshit/lib/controllers/CentralController.php?menu_no_top=hr&id=1001&capturemode=updatemode&reqcode=EMP&currentPage=1]]>
    </line>
    <line>
      <![CDATA[first name last name-http://183.82.103.245/nareshit/lib/controllers/CentralController.php?menu_no_top=hr&id=1001&capturemode=updatemode&reqcode=EMP&currentPage=1]]>
    </line>
    <line>
      <![CDATA[saroja t-http://183.82.103.245/nareshit/lib/controllers/CentralController.php?menu_no_top=hr&id=1001&capturemode=updatemode&reqcode=EMP&currentPage=1]]>
    </line>
    <line>
      <![CDATA[Car Kia-http://183.82.103.245/nareshit/lib/controllers/CentralController.php?menu_no_top=hr&id=1001&capturemode=updatemode&reqcode=EMP&currentPage=1]]>
    </line>
    <line>
      <![CDATA[Lenovo Laptop-http://183.82.103.245/nareshit/lib/controllers/CentralController.php?menu_no_top=hr&id=1001&capturemode=updatemode&reqcode=EMP&currentPage=1]]>
    </line>
    <line>
      <![CDATA[Lenovo Laptop-http://183.82.103.245/nareshit/lib/controllers/CentralController.php?menu_no_top=hr&id=1001&capturemode=updatemode&reqcode=EMP&currentPage=1]]>
    </line>
    <line>
      <![CDATA[Lenovo Laptop-http://183.82.103.245/nareshit/lib/controllers/CentralController.php?menu_no_top=hr&id=1001&capturemode=updatemode&reqcode=EMP&currentPage=1]]>
    </line>
    <line>
      <![CDATA[Lenovo Laptop-http://183.82.103.245/nareshit/lib/controllers/CentralController.php?menu_no_top=hr&id=1002&capturemode=updatemode&reqcode=EMP&currentPage=1]]>
    </line>
    <line>
      <![CDATA[Lenovo Laptop-http://183.82.103.245/nareshit/lib/controllers/CentralController.php?menu_no_top=hr&id=1002&capturemode=updatemode&reqcode=EMP&currentPage=1]]>
    </line>
    <line>
      <![CDATA[Water Bottle-http://183.82.103.245/nareshit/lib/controllers/CentralController.php?menu_no_top=hr&id=1002&capturemode=updatemode&reqcode=EMP&currentPage=1]]>
    </line>
    <line>
      <![CDATA[selenium Naidu-http://183.82.103.245/nareshit/lib/controllers/CentralController.php?menu_no_top=hr&id=1002&capturemode=updatemode&reqcode=EMP&currentPage=1]]>
    </line>
    <line>
      <![CDATA[selenium Naidu-http://183.82.103.245/nareshit/lib/controllers/CentralController.php?menu_no_top=hr&id=1002&capturemode=updatemode&reqcode=EMP&currentPage=1]]>
    </line>
    <line>
      <![CDATA[seleniummasthan shaik Masthanselenium-http://183.82.103.245/nareshit/lib/controllers/CentralController.php?menu_no_top=hr&id=1002&capturemode=updatemode&reqcode=EMP&currentPage=1]]>
    </line>
    <line>
      <![CDATA[seleniummasthan shaik Masthanselenium-http://183.82.103.245/nareshit/lib/controllers/CentralController.php?menu_no_top=hr&id=1003&capturemode=updatemode&reqcode=EMP&currentPage=1]]>
    </line>
    <line>
      <![CDATA[selenum naidu-http://183.82.103.245/nareshit/lib/controllers/CentralController.php?menu_no_top=hr&id=1003&capturemode=updatemode&reqcode=EMP&currentPage=1]]>
    </line>
    <line>
      <![CDATA[seleniummasthan shaik Masthanselenium-http://183.82.103.245/nareshit/lib/controllers/CentralController.php?menu_no_top=hr&id=1003&capturemode=updatemode&reqcode=EMP&currentPage=1]]>
    </line>
    <line>
      <![CDATA[selenium Naidu-http://183.82.103.245/nareshit/lib/controllers/CentralController.php?menu_no_top=hr&id=1003&capturemode=updatemode&reqcode=EMP&currentPage=1]]>
    </line>
    <line>
      <![CDATA[selenium Naidu-http://183.82.103.245/nareshit/lib/controllers/CentralController.php?menu_no_top=hr&id=1003&capturemode=updatemode&reqcode=EMP&currentPage=1]]>
    </line>
    <line>
      <![CDATA[selenium Naidu-http://183.82.103.245/nareshit/lib/controllers/CentralController.php?menu_no_top=hr&id=1003&capturemode=updatemode&reqcode=EMP&currentPage=1]]>
    </line>
    <line>
      <![CDATA[seleniummasthan shaik Masthanselenium-http://183.82.103.245/nareshit/lib/controllers/CentralController.php?menu_no_top=hr&id=1003&capturemode=updatemode&reqcode=EMP&currentPage=1]]>
    </line>
    <line>
      <![CDATA[Ramesh sahoo-http://183.82.103.245/nareshit/lib/controllers/CentralController.php?menu_no_top=hr&id=1003&capturemode=updatemode&reqcode=EMP&currentPage=1]]>
    </line>
    <line>
      <![CDATA[Reddy Nagireddy-http://183.82.103.245/nareshit/lib/controllers/CentralController.php?menu_no_top=hr&id=1004&capturemode=updatemode&reqcode=EMP&currentPage=1]]>
    </line>
    <line>
      <![CDATA[seleniummasthan shaik Masthanselenium-http://183.82.103.245/nareshit/lib/controllers/CentralController.php?menu_no_top=hr&id=1004&capturemode=updatemode&reqcode=EMP&currentPage=1]]>
    </line>
    <line>
      <![CDATA[naresh it-http://183.82.103.245/nareshit/lib/controllers/CentralController.php?menu_no_top=hr&id=1004&capturemode=updatemode&reqcode=EMP&currentPage=1]]>
    </line>
    <line>
      <![CDATA[Rakeshr kumar-http://183.82.103.245/nareshit/lib/controllers/CentralController.php?menu_no_top=hr&id=1004&capturemode=updatemode&reqcode=EMP&currentPage=1]]>
    </line>
    <line>
      <![CDATA[Rakeshr kumar-http://183.82.103.245/nareshit/lib/controllers/CentralController.php?menu_no_top=hr&id=1004&capturemode=updatemode&reqcode=EMP&currentPage=1]]>
    </line>
    <line>
      <![CDATA[rakesh kumar-http://183.82.103.245/nareshit/lib/controllers/CentralController.php?menu_no_top=hr&id=1004&capturemode=updatemode&reqcode=EMP&currentPage=1]]>
    </line>
    <line>
      <![CDATA[selenium suresh-http://183.82.103.245/nareshit/lib/controllers/CentralController.php?menu_no_top=hr&id=1004&capturemode=updatemode&reqcode=EMP&currentPage=1]]>
    </line>
    <line>
      <![CDATA[Noushad ali-http://183.82.103.245/nareshit/lib/controllers/CentralController.php?menu_no_top=hr&id=1004&capturemode=updatemode&reqcode=EMP&currentPage=1]]>
    </line>
    <line>
      <![CDATA[selenium Abhi-http://183.82.103.245/nareshit/lib/controllers/CentralController.php?menu_no_top=hr&id=1005&capturemode=updatemode&reqcode=EMP&currentPage=1]]>
    </line>
    <line>
      <![CDATA[cfgjvj kumfytf-http://183.82.103.245/nareshit/lib/controllers/CentralController.php?menu_no_top=hr&id=1005&capturemode=updatemode&reqcode=EMP&currentPage=1]]>
    </line>
    <line>
      <![CDATA[cfgjvj kumfytf-http://183.82.103.245/nareshit/lib/controllers/CentralController.php?menu_no_top=hr&id=1005&capturemode=updatemode&reqcode=EMP&currentPage=1]]>
    </line>
    <line>
      <![CDATA[Rakeshr kumar-http://183.82.103.245/nareshit/lib/controllers/CentralController.php?menu_no_top=hr&id=1005&capturemode=updatemode&reqcode=EMP&currentPage=1]]>
    </line>
    <line>
      <![CDATA[lapata gumnaam ganj-http://183.82.103.245/nareshit/lib/controllers/CentralController.php?menu_no_top=hr&id=1005&capturemode=updatemode&reqcode=EMP&currentPage=1]]>
    </line>
    <line>
      <![CDATA[lapata gumnaam ganj-http://183.82.103.245/nareshit/lib/controllers/CentralController.php?menu_no_top=hr&id=1005&capturemode=updatemode&reqcode=EMP&currentPage=1]]>
    </line>
    <line>
      <![CDATA[ijn uhb plm-http://183.82.103.245/nareshit/lib/controllers/CentralController.php?menu_no_top=hr&id=1005&capturemode=updatemode&reqcode=EMP&currentPage=1]]>
    </line>
    <line>
      <![CDATA[selenium suresh-http://183.82.103.245/nareshit/lib/controllers/CentralController.php?menu_no_top=hr&id=1005&capturemode=updatemode&reqcode=EMP&currentPage=1]]>
    </line>
    <line>
      <![CDATA[selenium suresh-http://183.82.103.245/nareshit/lib/controllers/CentralController.php?menu_no_top=hr&id=1005&capturemode=updatemode&reqcode=EMP&currentPage=1]]>
    </line>
    <line>
      <![CDATA[first name last name-http://183.82.103.245/nareshit/lib/controllers/CentralController.php?menu_no_top=hr&id=1006&capturemode=updatemode&reqcode=EMP&currentPage=1]]>
    </line>
    <line>
      <![CDATA[vinay kumar vancha-http://183.82.103.245/nareshit/lib/controllers/CentralController.php?menu_no_top=hr&id=1006&capturemode=updatemode&reqcode=EMP&currentPage=1]]>
    </line>
    <line>
      <![CDATA[All Links Restored]]>
    </line>
    <line>
      <![CDATA[Logout completed]]>
    </line>
    <line>
      <![CDATA[Application Closed]]>
    </line>
    <line>
      <![CDATA[Application Opened]]>
    </line>
    <line>
      <![CDATA[Title is not matched :OrangeHRM - New Level of HR Management]]>
    </line>
    <line>
      <![CDATA[Login Completed]]>
    </line>
    <line>
      <![CDATA[-Select-]]>
    </line>
    <line>
      <![CDATA[Emp. ID]]>
    </line>
    <line>
      <![CDATA[Emp. First Name]]>
    </line>
    <line>
      <![CDATA[Emp. Last Name]]>
    </line>
    <line>
      <![CDATA[Emp. Middle Name]]>
    </line>
    <line>
      <![CDATA[Job Title]]>
    </line>
    <line>
      <![CDATA[Employment status]]>
    </line>
    <line>
      <![CDATA[Sub-Division]]>
    </line>
    <line>
      <![CDATA[Supervisor]]>
    </line>
    <line>
      <![CDATA[All options Retrieved]]>
    </line>
    <line>
      <![CDATA[Logout completed]]>
    </line>
    <line>
      <![CDATA[Application Closed]]>
    </line>
    <line>
      <![CDATA[Application Opened]]>
    </line>
    <line>
      <![CDATA[Title is not matched :OrangeHRM - New Level of HR Management]]>
    </line>
    <line>
      <![CDATA[Login Completed]]>
    </line>
    <line>
      <![CDATA[Employee Details added]]>
    </line>
    <line>
      <![CDATA[Personal Details Added]]>
    </line>
    <line>
      <![CDATA[Logout completed]]>
    </line>
    <line>
      <![CDATA[Application Closed]]>
    </line>
    <line>
      <![CDATA[Application Opened]]>
    </line>
    <line>
      <![CDATA[Title is not matched :OrangeHRM - New Level of HR Management]]>
    </line>
    <line>
      <![CDATA[Login Completed]]>
    </line>
    <line>
      <![CDATA[Employee Details added]]>
    </line>
    <line>
      <![CDATA[Software Tester Selected]]>
    </line>
    <line>
      <![CDATA[Software Selected]]>
    </line>
    <line>
      <![CDATA[NareshIT selected]]>
    </line>
    <line>
      <![CDATA[Job Details Added]]>
    </line>
    <line>
      <![CDATA[Logout completed]]>
    </line>
    <line>
      <![CDATA[Application Closed]]>
    </line>
    <line>
      <![CDATA[Application Opened]]>
    </line>
    <line>
      <![CDATA[Login Completed]]>
    </line>
    <line>
      <![CDATA[Title matched]]>
    </line>
    <line>
      <![CDATA[Year 2022 selected]]>
    </line>
    <line>
      <![CDATA[All Employees Selected]]>
    </line>
    <line>
      <![CDATA[All Selected]]>
    </line>
    <line>
      <![CDATA[Employee Leave status Page displayed]]>
    </line>
    <line>
      <![CDATA[Logout completed]]>
    </line>
    <line>
      <![CDATA[Application Closed]]>
    </line>
    <line>
      <![CDATA[Application Opened]]>
    </line>
    <line>
      <![CDATA[Login Completed]]>
    </line>
    <line>
      <![CDATA[Title matched]]>
    </line>
    <line>
      <![CDATA[Full Day selected]]>
    </line>
    <line>
      <![CDATA[Specific Holiday Date Created]]>
    </line>
    <line>
      <![CDATA[Application Opened]]>
    </line>
    <line>
      <![CDATA[Login Completed]]>
    </line>
    <line>
      <![CDATA[Do you want to delete?]]>
    </line>
    <line>
      <![CDATA[Specific Holiday Record Delete]]>
    </line>
    <line>
      <![CDATA[Logout completed]]>
    </line>
    <line>
      <![CDATA[Application Closed]]>
    </line>
    <line>
      <![CDATA[Application Opened]]>
    </line>
    <line>
      <![CDATA[Login Completed]]>
    </line>
    <line>
      <![CDATA[Title matched]]>
    </line>
    <line>
      <![CDATA[DayOff Page Opened-The total number of applied leave should be zero to change the weekends Message is Displayed]]>
    </line>
    <line>
      <![CDATA[Logout completed]]>
    </line>
    <line>
      <![CDATA[Application Closed]]>
    </line>
    <line>
      <![CDATA[Application Opened]]>
    </line>
    <line>
      <![CDATA[Login Completed]]>
    </line>
    <line>
      <![CDATA[Leave Type Added]]>
    </line>
    <line>
      <![CDATA[Logout completed]]>
    </line>
    <line>
      <![CDATA[Application Closed]]>
    </line>
    <line>
      <![CDATA[Application Opened]]>
    </line>
    <line>
      <![CDATA[Login Completed]]>
    </line>
    <line>
      <![CDATA[Title matched]]>
    </line>
    <line>
      <![CDATA[Do you want to delete?]]>
    </line>
    <line>
      <![CDATA[LeaveType Record Deleted]]>
    </line>
    <line>
      <![CDATA[Logout completed]]>
    </line>
    <line>
      <![CDATA[Application Closed]]>
    </line>
    <line>
      <![CDATA[Application Opened]]>
    </line>
    <line>
      <![CDATA[Login Completed]]>
    </line>
    <line>
      <![CDATA[Title matched]]>
    </line>
    <line>
      <![CDATA[Half day Leave selected]]>
    </line>
    <line>
      <![CDATA[Please correct the following

 - Invalid Date Range
]]>
    </line>
    <line>
      <![CDATA[Leave assigned]]>
    </line>
    <line>
      <![CDATA[Logout completed]]>
    </line>
    <line>
      <![CDATA[Application Closed]]>
    </line>
    <line>
      <![CDATA[Application Opened]]>
    </line>
    <line>
      <![CDATA[Login Completed]]>
    </line>
    <line>
      <![CDATA[Employee Leave List Displayed]]>
    </line>
    <line>
      <![CDATA[Logout completed]]>
    </line>
    <line>
      <![CDATA[Application Closed]]>
    </line>
    <line>
      <![CDATA[Application Opened]]>
    </line>
    <line>
      <![CDATA[Login Completed]]>
    </line>
    <line>
      <![CDATA[Entered  Data Cleared]]>
    </line>
    <line>
      <![CDATA[Logout completed]]>
    </line>
    <line>
      <![CDATA[Application Closed]]>
    </line>
    <line>
      <![CDATA[Application Opened]]>
    </line>
    <line>
      <![CDATA[Login Completed]]>
    </line>
    <line>
      <![CDATA[Pay Period Details Added]]>
    </line>
    <line>
      <![CDATA[Logout completed]]>
    </line>
    <line>
      <![CDATA[Application Closed]]>
    </line>
    <line>
      <![CDATA[Application Opened]]>
    </line>
    <line>
      <![CDATA[Login Completed]]>
    </line>
    <line>
      <![CDATA[Pay Period Details Cleared]]>
    </line>
    <line>
      <![CDATA[Logout completed]]>
    </line>
    <line>
      <![CDATA[Application Closed]]>
    </line>
  </reporter-output>
  <suite started-at="2022-10-19T11:36:37Z" name="Suite1" finished-at="2022-10-19T11:48:20Z" duration-ms="703068">
    <groups>
    </groups>
    <test started-at="2022-10-19T11:36:37Z" name="Regression1" finished-at="2022-10-19T11:48:20Z" duration-ms="703068">
      <class name="com.hrm.testscripts.TC013_LEAVE_DefineDay_SpcHdayDelete">
        <test-method signature="specifichdaydelete()[pri:0, instance:com.hrm.testscripts.TC013_LEAVE_DefineDay_SpcHdayDelete@65466a6a]" started-at="2022-10-19T17:13:43Z" name="specifichdaydelete" finished-at="2022-10-19T17:14:12Z" duration-ms="28722" status="PASS">
          <reporter-output>
            <line>
              <![CDATA[Application Opened]]>
            </line>
            <line>
              <![CDATA[Login Completed]]>
            </line>
            <line>
              <![CDATA[Do you want to delete?]]>
            </line>
            <line>
              <![CDATA[Specific Holiday Record Delete]]>
            </line>
            <line>
              <![CDATA[Logout completed]]>
            </line>
            <line>
              <![CDATA[Application Closed]]>
            </line>
          </reporter-output>
        </test-method> <!-- specifichdaydelete -->
      </class> <!-- com.hrm.testscripts.TC013_LEAVE_DefineDay_SpcHdayDelete -->
      <class name="com.hrm.testscripts.TC009_PIM_PersonalDetails_EmpList">
        <test-method signature="personal()[pri:0, instance:com.hrm.testscripts.TC009_PIM_PersonalDetails_EmpList@433d61fb]" started-at="2022-10-19T17:10:47Z" name="personal" finished-at="2022-10-19T17:11:41Z" duration-ms="53799" status="PASS">
          <reporter-output>
            <line>
              <![CDATA[Application Opened]]>
            </line>
            <line>
              <![CDATA[Title is not matched :OrangeHRM - New Level of HR Management]]>
            </line>
            <line>
              <![CDATA[Login Completed]]>
            </line>
            <line>
              <![CDATA[Employee Details added]]>
            </line>
            <line>
              <![CDATA[Personal Details Added]]>
            </line>
            <line>
              <![CDATA[Logout completed]]>
            </line>
            <line>
              <![CDATA[Application Closed]]>
            </line>
          </reporter-output>
        </test-method> <!-- personal -->
      </class> <!-- com.hrm.testscripts.TC009_PIM_PersonalDetails_EmpList -->
      <class name="com.hrm.testscripts.TC019_LEAVE_LeaveListReset">
        <test-method signature="listreset()[pri:0, instance:com.hrm.testscripts.TC019_LEAVE_LeaveListReset@7c0c77c7]" started-at="2022-10-19T17:16:45Z" name="listreset" finished-at="2022-10-19T17:17:17Z" duration-ms="32717" status="PASS">
          <reporter-output>
            <line>
              <![CDATA[Application Opened]]>
            </line>
            <line>
              <![CDATA[Login Completed]]>
            </line>
            <line>
              <![CDATA[Entered  Data Cleared]]>
            </line>
            <line>
              <![CDATA[Logout completed]]>
            </line>
            <line>
              <![CDATA[Application Closed]]>
            </line>
          </reporter-output>
        </test-method> <!-- listreset -->
      </class> <!-- com.hrm.testscripts.TC019_LEAVE_LeaveListReset -->
      <class name="com.hrm.testscripts.TC016_LEAVE_LeaveType_Delete">
        <test-method signature="leavedelete()[pri:0, instance:com.hrm.testscripts.TC016_LEAVE_LeaveType_Delete@4b14c583]" started-at="2022-10-19T17:14:57Z" name="leavedelete" finished-at="2022-10-19T17:15:25Z" duration-ms="28300" status="PASS">
          <reporter-output>
            <line>
              <![CDATA[Application Opened]]>
            </line>
            <line>
              <![CDATA[Login Completed]]>
            </line>
            <line>
              <![CDATA[Title matched]]>
            </line>
            <line>
              <![CDATA[Do you want to delete?]]>
            </line>
            <line>
              <![CDATA[LeaveType Record Deleted]]>
            </line>
            <line>
              <![CDATA[Logout completed]]>
            </line>
            <line>
              <![CDATA[Application Closed]]>
            </line>
          </reporter-output>
        </test-method> <!-- leavedelete -->
      </class> <!-- com.hrm.testscripts.TC016_LEAVE_LeaveType_Delete -->
      <class name="com.hrm.testscripts.TC001_PIM_AddEmpDetails">
        <test-method signature="add()[pri:0, instance:com.hrm.testscripts.TC001_PIM_AddEmpDetails@20d28811]" started-at="2022-10-19T17:06:37Z" name="add" finished-at="2022-10-19T17:07:05Z" duration-ms="28130" status="PASS">
          <reporter-output>
            <line>
              <![CDATA[Application Opened]]>
            </line>
            <line>
              <![CDATA[Title is not matched :OrangeHRM - New Level of HR Management]]>
            </line>
            <line>
              <![CDATA[Login Completed]]>
            </line>
            <line>
              <![CDATA[Employee Details added]]>
            </line>
            <line>
              <![CDATA[Logout completed]]>
            </line>
            <line>
              <![CDATA[Application Closed]]>
            </line>
          </reporter-output>
        </test-method> <!-- add -->
      </class> <!-- com.hrm.testscripts.TC001_PIM_AddEmpDetails -->
      <class name="com.hrm.testscripts.TC003_PIM_SalaryDetails">
        <test-method signature="salary()[pri:0, instance:com.hrm.testscripts.TC003_PIM_SalaryDetails@48aaecc3]" started-at="2022-10-19T17:07:48Z" name="salary" finished-at="2022-10-19T17:08:27Z" duration-ms="39088" status="PASS">
          <reporter-output>
            <line>
              <![CDATA[Application Opened]]>
            </line>
            <line>
              <![CDATA[Title is not matched :OrangeHRM - New Level of HR Management]]>
            </line>
            <line>
              <![CDATA[Login Completed]]>
            </line>
            <line>
              <![CDATA[Employee Details added]]>
            </line>
            <line>
              <![CDATA[Salary details saved]]>
            </line>
            <line>
              <![CDATA[Logout completed]]>
            </line>
            <line>
              <![CDATA[Application Closed]]>
            </line>
          </reporter-output>
        </test-method> <!-- salary -->
      </class> <!-- com.hrm.testscripts.TC003_PIM_SalaryDetails -->
      <class name="com.hrm.testscripts.TC002_PIM_Education">
        <test-method signature="education()[pri:0, instance:com.hrm.testscripts.TC002_PIM_Education@5cee5251]" started-at="2022-10-19T17:07:05Z" name="education" finished-at="2022-10-19T17:07:48Z" duration-ms="42867" status="PASS">
          <reporter-output>
            <line>
              <![CDATA[Application Opened]]>
            </line>
            <line>
              <![CDATA[Title is not matched :OrangeHRM - New Level of HR Management]]>
            </line>
            <line>
              <![CDATA[Login Completed]]>
            </line>
            <line>
              <![CDATA[Employee Details added]]>
            </line>
            <line>
              <![CDATA[Education details added]]>
            </line>
            <line>
              <![CDATA[Logout completed]]>
            </line>
            <line>
              <![CDATA[Application Closed]]>
            </line>
          </reporter-output>
        </test-method> <!-- education -->
      </class> <!-- com.hrm.testscripts.TC002_PIM_Education -->
      <class name="com.hrm.testscripts.TC017_LEAVE_LeaveAssign">
        <test-method signature="leaveassign()[pri:0, instance:com.hrm.testscripts.TC017_LEAVE_LeaveAssign@4b5a5ed1]" started-at="2022-10-19T17:15:25Z" name="leaveassign" finished-at="2022-10-19T17:16:08Z" duration-ms="43003" status="PASS">
          <reporter-output>
            <line>
              <![CDATA[Application Opened]]>
            </line>
            <line>
              <![CDATA[Login Completed]]>
            </line>
            <line>
              <![CDATA[Title matched]]>
            </line>
            <line>
              <![CDATA[Half day Leave selected]]>
            </line>
            <line>
              <![CDATA[Please correct the following

 - Invalid Date Range
]]>
            </line>
            <line>
              <![CDATA[Leave assigned]]>
            </line>
            <line>
              <![CDATA[Logout completed]]>
            </line>
            <line>
              <![CDATA[Application Closed]]>
            </line>
          </reporter-output>
        </test-method> <!-- leaveassign -->
      </class> <!-- com.hrm.testscripts.TC017_LEAVE_LeaveAssign -->
      <class name="com.hrm.testscripts.TC005_PIM_Delete">
        <test-method signature="deleteemp()[pri:0, instance:com.hrm.testscripts.TC005_PIM_Delete@3967e60c]" started-at="2022-10-19T17:09:12Z" name="deleteemp" finished-at="2022-10-19T17:09:49Z" duration-ms="36231" status="PASS">
          <reporter-output>
            <line>
              <![CDATA[Application Opened]]>
            </line>
            <line>
              <![CDATA[Title is not matched :OrangeHRM - New Level of HR Management]]>
            </line>
            <line>
              <![CDATA[Login Completed]]>
            </line>
            <line>
              <![CDATA[Emp Records Deleted]]>
            </line>
            <line>
              <![CDATA[Logout completed]]>
            </line>
            <line>
              <![CDATA[Application Closed]]>
            </line>
          </reporter-output>
        </test-method> <!-- deleteemp -->
      </class> <!-- com.hrm.testscripts.TC005_PIM_Delete -->
      <class name="com.hrm.testscripts.TC018_Leave_Leavelist">
        <test-method signature="leavelist()[pri:0, instance:com.hrm.testscripts.TC018_Leave_Leavelist@5ccddd20]" started-at="2022-10-19T17:16:08Z" name="leavelist" finished-at="2022-10-19T17:16:45Z" duration-ms="36047" status="PASS">
          <reporter-output>
            <line>
              <![CDATA[Application Opened]]>
            </line>
            <line>
              <![CDATA[Login Completed]]>
            </line>
            <line>
              <![CDATA[Employee Leave List Displayed]]>
            </line>
            <line>
              <![CDATA[Logout completed]]>
            </line>
            <line>
              <![CDATA[Application Closed]]>
            </line>
          </reporter-output>
        </test-method> <!-- leavelist -->
      </class> <!-- com.hrm.testscripts.TC018_Leave_Leavelist -->
      <class name="com.hrm.testscripts.TC008_PIM_AllOptions_EmpList">
        <test-method signature="options()[pri:0, instance:com.hrm.testscripts.TC008_PIM_AllOptions_EmpList@3cc2931c]" started-at="2022-10-19T17:10:32Z" name="options" finished-at="2022-10-19T17:10:47Z" duration-ms="15425" status="PASS">
          <reporter-output>
            <line>
              <![CDATA[Application Opened]]>
            </line>
            <line>
              <![CDATA[Title is not matched :OrangeHRM - New Level of HR Management]]>
            </line>
            <line>
              <![CDATA[Login Completed]]>
            </line>
            <line>
              <![CDATA[-Select-]]>
            </line>
            <line>
              <![CDATA[Emp. ID]]>
            </line>
            <line>
              <![CDATA[Emp. First Name]]>
            </line>
            <line>
              <![CDATA[Emp. Last Name]]>
            </line>
            <line>
              <![CDATA[Emp. Middle Name]]>
            </line>
            <line>
              <![CDATA[Job Title]]>
            </line>
            <line>
              <![CDATA[Employment status]]>
            </line>
            <line>
              <![CDATA[Sub-Division]]>
            </line>
            <line>
              <![CDATA[Supervisor]]>
            </line>
            <line>
              <![CDATA[All options Retrieved]]>
            </line>
            <line>
              <![CDATA[Logout completed]]>
            </line>
            <line>
              <![CDATA[Application Closed]]>
            </line>
          </reporter-output>
        </test-method> <!-- options -->
      </class> <!-- com.hrm.testscripts.TC008_PIM_AllOptions_EmpList -->
      <class name="com.hrm.testscripts.TC014_LEAVE_DefineDayoff_DayOff">
        <test-method signature="dayoff()[pri:0, instance:com.hrm.testscripts.TC014_LEAVE_DefineDayoff_DayOff@794cb805]" started-at="2022-10-19T17:14:12Z" name="dayoff" finished-at="2022-10-19T17:14:30Z" duration-ms="18653" status="PASS">
          <reporter-output>
            <line>
              <![CDATA[Application Opened]]>
            </line>
            <line>
              <![CDATA[Login Completed]]>
            </line>
            <line>
              <![CDATA[Title matched]]>
            </line>
            <line>
              <![CDATA[DayOff Page Opened-The total number of applied leave should be zero to change the weekends Message is Displayed]]>
            </line>
            <line>
              <![CDATA[Logout completed]]>
            </line>
            <line>
              <![CDATA[Application Closed]]>
            </line>
          </reporter-output>
        </test-method> <!-- dayoff -->
      </class> <!-- com.hrm.testscripts.TC014_LEAVE_DefineDayoff_DayOff -->
      <class name="com.hrm.testscripts.TC007_PIM_AllLinks_EmpList">
        <test-method signature="links()[pri:0, instance:com.hrm.testscripts.TC007_PIM_AllLinks_EmpList@5c909414]" started-at="2022-10-19T17:10:11Z" name="links" finished-at="2022-10-19T17:10:32Z" duration-ms="20830" status="PASS">
          <reporter-output>
            <line>
              <![CDATA[Application Opened]]>
            </line>
            <line>
              <![CDATA[Title is not matched :OrangeHRM - New Level of HR Management]]>
            </line>
            <line>
              <![CDATA[Login Completed]]>
            </line>
            <line>
              <![CDATA[Here all Links:]]>
            </line>
            <line>
              <![CDATA[2-javascript:chgPage(2);]]>
            </line>
            <line>
              <![CDATA[3-javascript:chgPage(3);]]>
            </line>
            <line>
              <![CDATA[4-javascript:chgPage(4);]]>
            </line>
            <line>
              <![CDATA[5-javascript:chgPage(5);]]>
            </line>
            <line>
              <![CDATA[6-javascript:chgPage(6);]]>
            </line>
            <line>
              <![CDATA[Next-javascript:nextPage();]]>
            </line>
            <line>
              <![CDATA[Last-javascript:chgPage(72);]]>
            </line>
            <line>
              <![CDATA[Employee Id-http://183.82.103.245/nareshit/lib/controllers/CentralController.php?reqcode=EMP&VIEW=MAIN&sortField=0&sortOrder0=ASC&VIEW=MAIN#]]>
            </line>
            <line>
              <![CDATA[Employee Name-http://183.82.103.245/nareshit/lib/controllers/CentralController.php?reqcode=EMP&VIEW=MAIN&sortField=0&sortOrder0=ASC&VIEW=MAIN#]]>
            </line>
            <line>
              <![CDATA[Job Title-http://183.82.103.245/nareshit/lib/controllers/CentralController.php?reqcode=EMP&VIEW=MAIN&sortField=0&sortOrder0=ASC&VIEW=MAIN#]]>
            </line>
            <line>
              <![CDATA[Employment status-http://183.82.103.245/nareshit/lib/controllers/CentralController.php?reqcode=EMP&VIEW=MAIN&sortField=0&sortOrder0=ASC&VIEW=MAIN#]]>
            </line>
            <line>
              <![CDATA[Sub-Division-http://183.82.103.245/nareshit/lib/controllers/CentralController.php?reqcode=EMP&VIEW=MAIN&sortField=0&sortOrder0=ASC&VIEW=MAIN#]]>
            </line>
            <line>
              <![CDATA[Supervisor-http://183.82.103.245/nareshit/lib/controllers/CentralController.php?reqcode=EMP&VIEW=MAIN&sortField=0&sortOrder0=ASC&VIEW=MAIN#]]>
            </line>
            <line>
              <![CDATA[priya jyoti-http://183.82.103.245/nareshit/lib/controllers/CentralController.php?menu_no_top=hr&id=1031&capturemode=updatemode&reqcode=EMP&currentPage=1]]>
            </line>
            <line>
              <![CDATA[Abhishek Dongre-http://183.82.103.245/nareshit/lib/controllers/CentralController.php?menu_no_top=hr&id=1000&capturemode=updatemode&reqcode=EMP&currentPage=1]]>
            </line>
            <line>
              <![CDATA[Car Kia-http://183.82.103.245/nareshit/lib/controllers/CentralController.php?menu_no_top=hr&id=1000&capturemode=updatemode&reqcode=EMP&currentPage=1]]>
            </line>
            <line>
              <![CDATA[suresh selenium-http://183.82.103.245/nareshit/lib/controllers/CentralController.php?menu_no_top=hr&id=1000&capturemode=updatemode&reqcode=EMP&currentPage=1]]>
            </line>
            <line>
              <![CDATA[Sameer Kapse-http://183.82.103.245/nareshit/lib/controllers/CentralController.php?menu_no_top=hr&id=1000&capturemode=updatemode&reqcode=EMP&currentPage=1]]>
            </line>
            <line>
              <![CDATA[Abhishek Dongre-http://183.82.103.245/nareshit/lib/controllers/CentralController.php?menu_no_top=hr&id=1000&capturemode=updatemode&reqcode=EMP&currentPage=1]]>
            </line>
            <line>
              <![CDATA[Abhishek Dongre-http://183.82.103.245/nareshit/lib/controllers/CentralController.php?menu_no_top=hr&id=1000&capturemode=updatemode&reqcode=EMP&currentPage=1]]>
            </line>
            <line>
              <![CDATA[selenium Naidu-http://183.82.103.245/nareshit/lib/controllers/CentralController.php?menu_no_top=hr&id=1000&capturemode=updatemode&reqcode=EMP&currentPage=1]]>
            </line>
            <line>
              <![CDATA[selenium Naidu-http://183.82.103.245/nareshit/lib/controllers/CentralController.php?menu_no_top=hr&id=1000&capturemode=updatemode&reqcode=EMP&currentPage=1]]>
            </line>
            <line>
              <![CDATA[selenium Naidu-http://183.82.103.245/nareshit/lib/controllers/CentralController.php?menu_no_top=hr&id=1000&capturemode=updatemode&reqcode=EMP&currentPage=1]]>
            </line>
            <line>
              <![CDATA[selenium Naidu-http://183.82.103.245/nareshit/lib/controllers/CentralController.php?menu_no_top=hr&id=1001&capturemode=updatemode&reqcode=EMP&currentPage=1]]>
            </line>
            <line>
              <![CDATA[first name last name-http://183.82.103.245/nareshit/lib/controllers/CentralController.php?menu_no_top=hr&id=1001&capturemode=updatemode&reqcode=EMP&currentPage=1]]>
            </line>
            <line>
              <![CDATA[saroja t-http://183.82.103.245/nareshit/lib/controllers/CentralController.php?menu_no_top=hr&id=1001&capturemode=updatemode&reqcode=EMP&currentPage=1]]>
            </line>
            <line>
              <![CDATA[Car Kia-http://183.82.103.245/nareshit/lib/controllers/CentralController.php?menu_no_top=hr&id=1001&capturemode=updatemode&reqcode=EMP&currentPage=1]]>
            </line>
            <line>
              <![CDATA[Lenovo Laptop-http://183.82.103.245/nareshit/lib/controllers/CentralController.php?menu_no_top=hr&id=1001&capturemode=updatemode&reqcode=EMP&currentPage=1]]>
            </line>
            <line>
              <![CDATA[Lenovo Laptop-http://183.82.103.245/nareshit/lib/controllers/CentralController.php?menu_no_top=hr&id=1001&capturemode=updatemode&reqcode=EMP&currentPage=1]]>
            </line>
            <line>
              <![CDATA[Lenovo Laptop-http://183.82.103.245/nareshit/lib/controllers/CentralController.php?menu_no_top=hr&id=1001&capturemode=updatemode&reqcode=EMP&currentPage=1]]>
            </line>
            <line>
              <![CDATA[Lenovo Laptop-http://183.82.103.245/nareshit/lib/controllers/CentralController.php?menu_no_top=hr&id=1002&capturemode=updatemode&reqcode=EMP&currentPage=1]]>
            </line>
            <line>
              <![CDATA[Lenovo Laptop-http://183.82.103.245/nareshit/lib/controllers/CentralController.php?menu_no_top=hr&id=1002&capturemode=updatemode&reqcode=EMP&currentPage=1]]>
            </line>
            <line>
              <![CDATA[Water Bottle-http://183.82.103.245/nareshit/lib/controllers/CentralController.php?menu_no_top=hr&id=1002&capturemode=updatemode&reqcode=EMP&currentPage=1]]>
            </line>
            <line>
              <![CDATA[selenium Naidu-http://183.82.103.245/nareshit/lib/controllers/CentralController.php?menu_no_top=hr&id=1002&capturemode=updatemode&reqcode=EMP&currentPage=1]]>
            </line>
            <line>
              <![CDATA[selenium Naidu-http://183.82.103.245/nareshit/lib/controllers/CentralController.php?menu_no_top=hr&id=1002&capturemode=updatemode&reqcode=EMP&currentPage=1]]>
            </line>
            <line>
              <![CDATA[seleniummasthan shaik Masthanselenium-http://183.82.103.245/nareshit/lib/controllers/CentralController.php?menu_no_top=hr&id=1002&capturemode=updatemode&reqcode=EMP&currentPage=1]]>
            </line>
            <line>
              <![CDATA[seleniummasthan shaik Masthanselenium-http://183.82.103.245/nareshit/lib/controllers/CentralController.php?menu_no_top=hr&id=1003&capturemode=updatemode&reqcode=EMP&currentPage=1]]>
            </line>
            <line>
              <![CDATA[selenum naidu-http://183.82.103.245/nareshit/lib/controllers/CentralController.php?menu_no_top=hr&id=1003&capturemode=updatemode&reqcode=EMP&currentPage=1]]>
            </line>
            <line>
              <![CDATA[seleniummasthan shaik Masthanselenium-http://183.82.103.245/nareshit/lib/controllers/CentralController.php?menu_no_top=hr&id=1003&capturemode=updatemode&reqcode=EMP&currentPage=1]]>
            </line>
            <line>
              <![CDATA[selenium Naidu-http://183.82.103.245/nareshit/lib/controllers/CentralController.php?menu_no_top=hr&id=1003&capturemode=updatemode&reqcode=EMP&currentPage=1]]>
            </line>
            <line>
              <![CDATA[selenium Naidu-http://183.82.103.245/nareshit/lib/controllers/CentralController.php?menu_no_top=hr&id=1003&capturemode=updatemode&reqcode=EMP&currentPage=1]]>
            </line>
            <line>
              <![CDATA[selenium Naidu-http://183.82.103.245/nareshit/lib/controllers/CentralController.php?menu_no_top=hr&id=1003&capturemode=updatemode&reqcode=EMP&currentPage=1]]>
            </line>
            <line>
              <![CDATA[seleniummasthan shaik Masthanselenium-http://183.82.103.245/nareshit/lib/controllers/CentralController.php?menu_no_top=hr&id=1003&capturemode=updatemode&reqcode=EMP&currentPage=1]]>
            </line>
            <line>
              <![CDATA[Ramesh sahoo-http://183.82.103.245/nareshit/lib/controllers/CentralController.php?menu_no_top=hr&id=1003&capturemode=updatemode&reqcode=EMP&currentPage=1]]>
            </line>
            <line>
              <![CDATA[Reddy Nagireddy-http://183.82.103.245/nareshit/lib/controllers/CentralController.php?menu_no_top=hr&id=1004&capturemode=updatemode&reqcode=EMP&currentPage=1]]>
            </line>
            <line>
              <![CDATA[seleniummasthan shaik Masthanselenium-http://183.82.103.245/nareshit/lib/controllers/CentralController.php?menu_no_top=hr&id=1004&capturemode=updatemode&reqcode=EMP&currentPage=1]]>
            </line>
            <line>
              <![CDATA[naresh it-http://183.82.103.245/nareshit/lib/controllers/CentralController.php?menu_no_top=hr&id=1004&capturemode=updatemode&reqcode=EMP&currentPage=1]]>
            </line>
            <line>
              <![CDATA[Rakeshr kumar-http://183.82.103.245/nareshit/lib/controllers/CentralController.php?menu_no_top=hr&id=1004&capturemode=updatemode&reqcode=EMP&currentPage=1]]>
            </line>
            <line>
              <![CDATA[Rakeshr kumar-http://183.82.103.245/nareshit/lib/controllers/CentralController.php?menu_no_top=hr&id=1004&capturemode=updatemode&reqcode=EMP&currentPage=1]]>
            </line>
            <line>
              <![CDATA[rakesh kumar-http://183.82.103.245/nareshit/lib/controllers/CentralController.php?menu_no_top=hr&id=1004&capturemode=updatemode&reqcode=EMP&currentPage=1]]>
            </line>
            <line>
              <![CDATA[selenium suresh-http://183.82.103.245/nareshit/lib/controllers/CentralController.php?menu_no_top=hr&id=1004&capturemode=updatemode&reqcode=EMP&currentPage=1]]>
            </line>
            <line>
              <![CDATA[Noushad ali-http://183.82.103.245/nareshit/lib/controllers/CentralController.php?menu_no_top=hr&id=1004&capturemode=updatemode&reqcode=EMP&currentPage=1]]>
            </line>
            <line>
              <![CDATA[selenium Abhi-http://183.82.103.245/nareshit/lib/controllers/CentralController.php?menu_no_top=hr&id=1005&capturemode=updatemode&reqcode=EMP&currentPage=1]]>
            </line>
            <line>
              <![CDATA[cfgjvj kumfytf-http://183.82.103.245/nareshit/lib/controllers/CentralController.php?menu_no_top=hr&id=1005&capturemode=updatemode&reqcode=EMP&currentPage=1]]>
            </line>
            <line>
              <![CDATA[cfgjvj kumfytf-http://183.82.103.245/nareshit/lib/controllers/CentralController.php?menu_no_top=hr&id=1005&capturemode=updatemode&reqcode=EMP&currentPage=1]]>
            </line>
            <line>
              <![CDATA[Rakeshr kumar-http://183.82.103.245/nareshit/lib/controllers/CentralController.php?menu_no_top=hr&id=1005&capturemode=updatemode&reqcode=EMP&currentPage=1]]>
            </line>
            <line>
              <![CDATA[lapata gumnaam ganj-http://183.82.103.245/nareshit/lib/controllers/CentralController.php?menu_no_top=hr&id=1005&capturemode=updatemode&reqcode=EMP&currentPage=1]]>
            </line>
            <line>
              <![CDATA[lapata gumnaam ganj-http://183.82.103.245/nareshit/lib/controllers/CentralController.php?menu_no_top=hr&id=1005&capturemode=updatemode&reqcode=EMP&currentPage=1]]>
            </line>
            <line>
              <![CDATA[ijn uhb plm-http://183.82.103.245/nareshit/lib/controllers/CentralController.php?menu_no_top=hr&id=1005&capturemode=updatemode&reqcode=EMP&currentPage=1]]>
            </line>
            <line>
              <![CDATA[selenium suresh-http://183.82.103.245/nareshit/lib/controllers/CentralController.php?menu_no_top=hr&id=1005&capturemode=updatemode&reqcode=EMP&currentPage=1]]>
            </line>
            <line>
              <![CDATA[selenium suresh-http://183.82.103.245/nareshit/lib/controllers/CentralController.php?menu_no_top=hr&id=1005&capturemode=updatemode&reqcode=EMP&currentPage=1]]>
            </line>
            <line>
              <![CDATA[first name last name-http://183.82.103.245/nareshit/lib/controllers/CentralController.php?menu_no_top=hr&id=1006&capturemode=updatemode&reqcode=EMP&currentPage=1]]>
            </line>
            <line>
              <![CDATA[vinay kumar vancha-http://183.82.103.245/nareshit/lib/controllers/CentralController.php?menu_no_top=hr&id=1006&capturemode=updatemode&reqcode=EMP&currentPage=1]]>
            </line>
            <line>
              <![CDATA[All Links Restored]]>
            </line>
            <line>
              <![CDATA[Logout completed]]>
            </line>
            <line>
              <![CDATA[Application Closed]]>
            </line>
          </reporter-output>
        </test-method> <!-- links -->
      </class> <!-- com.hrm.testscripts.TC007_PIM_AllLinks_EmpList -->
      <class name="com.hrm.testscripts.TC021_BENEFITS_PayrollSchedule_AddPperiodReset">
        <test-method signature="periodDetailsreset()[pri:0, instance:com.hrm.testscripts.TC021_BENEFITS_PayrollSchedule_AddPperiodReset@59d016c9]" started-at="2022-10-19T17:17:48Z" name="periodDetailsreset" finished-at="2022-10-19T17:18:20Z" duration-ms="31771" status="PASS">
          <reporter-output>
            <line>
              <![CDATA[Application Opened]]>
            </line>
            <line>
              <![CDATA[Login Completed]]>
            </line>
            <line>
              <![CDATA[Pay Period Details Cleared]]>
            </line>
            <line>
              <![CDATA[Logout completed]]>
            </line>
            <line>
              <![CDATA[Application Closed]]>
            </line>
          </reporter-output>
        </test-method> <!-- periodDetailsreset -->
      </class> <!-- com.hrm.testscripts.TC021_BENEFITS_PayrollSchedule_AddPperiodReset -->
      <class name="com.hrm.testscripts.TC015_LEAVE_DefineLeavetype_Added">
        <test-method signature="leaveadd()[pri:0, instance:com.hrm.testscripts.TC015_LEAVE_DefineLeavetype_Added@75329a49]" started-at="2022-10-19T17:14:30Z" name="leaveadd" finished-at="2022-10-19T17:14:57Z" duration-ms="26872" status="PASS">
          <reporter-output>
            <line>
              <![CDATA[Application Opened]]>
            </line>
            <line>
              <![CDATA[Login Completed]]>
            </line>
            <line>
              <![CDATA[Leave Type Added]]>
            </line>
            <line>
              <![CDATA[Logout completed]]>
            </line>
            <line>
              <![CDATA[Application Closed]]>
            </line>
          </reporter-output>
        </test-method> <!-- leaveadd -->
      </class> <!-- com.hrm.testscripts.TC015_LEAVE_DefineLeavetype_Added -->
      <class name="com.hrm.testscripts.TC011_LEAVE_leavesumm_EmpLeaveSummary">
        <test-method signature="leave()[pri:0, instance:com.hrm.testscripts.TC011_LEAVE_leavesumm_EmpLeaveSummary@1f3f4916]" started-at="2022-10-19T17:12:34Z" name="leave" finished-at="2022-10-19T17:13:07Z" duration-ms="33459" status="PASS">
          <reporter-output>
            <line>
              <![CDATA[Application Opened]]>
            </line>
            <line>
              <![CDATA[Login Completed]]>
            </line>
            <line>
              <![CDATA[Title matched]]>
            </line>
            <line>
              <![CDATA[Year 2022 selected]]>
            </line>
            <line>
              <![CDATA[All Employees Selected]]>
            </line>
            <line>
              <![CDATA[All Selected]]>
            </line>
            <line>
              <![CDATA[Employee Leave status Page displayed]]>
            </line>
            <line>
              <![CDATA[Logout completed]]>
            </line>
            <line>
              <![CDATA[Application Closed]]>
            </line>
          </reporter-output>
        </test-method> <!-- leave -->
      </class> <!-- com.hrm.testscripts.TC011_LEAVE_leavesumm_EmpLeaveSummary -->
      <class name="com.hrm.testscripts.TC006_PIM_EmpList_Resetemp">
        <test-method signature="resetemp()[pri:0, instance:com.hrm.testscripts.TC006_PIM_EmpList_Resetemp@7adda9cc]" started-at="2022-10-19T17:09:49Z" name="resetemp" finished-at="2022-10-19T17:10:11Z" duration-ms="22303" status="PASS">
          <reporter-output>
            <line>
              <![CDATA[Application Opened]]>
            </line>
            <line>
              <![CDATA[Title is not matched :OrangeHRM - New Level of HR Management]]>
            </line>
            <line>
              <![CDATA[Login Completed]]>
            </line>
            <line>
              <![CDATA[Emp Details Search Cleared]]>
            </line>
            <line>
              <![CDATA[Logout completed]]>
            </line>
            <line>
              <![CDATA[Application Closed]]>
            </line>
          </reporter-output>
        </test-method> <!-- resetemp -->
      </class> <!-- com.hrm.testscripts.TC006_PIM_EmpList_Resetemp -->
      <class name="com.hrm.testscripts.TC020_BENEFITS_Payschedule_Payperiod">
        <test-method signature="payperiodadd()[pri:0, instance:com.hrm.testscripts.TC020_BENEFITS_Payschedule_Payperiod@1534f01b]" started-at="2022-10-19T17:17:17Z" name="payperiodadd" finished-at="2022-10-19T17:17:48Z" duration-ms="31253" status="PASS">
          <reporter-output>
            <line>
              <![CDATA[Application Opened]]>
            </line>
            <line>
              <![CDATA[Login Completed]]>
            </line>
            <line>
              <![CDATA[Pay Period Details Added]]>
            </line>
            <line>
              <![CDATA[Logout completed]]>
            </line>
            <line>
              <![CDATA[Application Closed]]>
            </line>
          </reporter-output>
        </test-method> <!-- payperiodadd -->
      </class> <!-- com.hrm.testscripts.TC020_BENEFITS_Payschedule_Payperiod -->
      <class name="com.hrm.testscripts.TC004_PIM_WorkExperienceDetails">
        <test-method signature="work()[pri:0, instance:com.hrm.testscripts.TC004_PIM_WorkExperienceDetails@1ed1993a]" started-at="2022-10-19T17:08:27Z" name="work" finished-at="2022-10-19T17:09:12Z" duration-ms="45155" status="PASS">
          <reporter-output>
            <line>
              <![CDATA[Application Opened]]>
            </line>
            <line>
              <![CDATA[Title is not matched :OrangeHRM - New Level of HR Management]]>
            </line>
            <line>
              <![CDATA[Login Completed]]>
            </line>
            <line>
              <![CDATA[Employee Details added]]>
            </line>
            <line>
              <![CDATA[Work Experience Details added]]>
            </line>
            <line>
              <![CDATA[Logout completed]]>
            </line>
            <line>
              <![CDATA[Application Closed]]>
            </line>
          </reporter-output>
        </test-method> <!-- work -->
      </class> <!-- com.hrm.testscripts.TC004_PIM_WorkExperienceDetails -->
      <class name="com.hrm.testscripts.TC010_PIM_Job_EmpList">
        <test-method signature="job()[pri:0, instance:com.hrm.testscripts.TC010_PIM_Job_EmpList@60d8c9b7]" started-at="2022-10-19T17:11:41Z" name="job" finished-at="2022-10-19T17:12:34Z" duration-ms="52618" status="PASS">
          <reporter-output>
            <line>
              <![CDATA[Application Opened]]>
            </line>
            <line>
              <![CDATA[Title is not matched :OrangeHRM - New Level of HR Management]]>
            </line>
            <line>
              <![CDATA[Login Completed]]>
            </line>
            <line>
              <![CDATA[Employee Details added]]>
            </line>
            <line>
              <![CDATA[Software Tester Selected]]>
            </line>
            <line>
              <![CDATA[Software Selected]]>
            </line>
            <line>
              <![CDATA[NareshIT selected]]>
            </line>
            <line>
              <![CDATA[Job Details Added]]>
            </line>
            <line>
              <![CDATA[Logout completed]]>
            </line>
            <line>
              <![CDATA[Application Closed]]>
            </line>
          </reporter-output>
        </test-method> <!-- job -->
      </class> <!-- com.hrm.testscripts.TC010_PIM_Job_EmpList -->
      <class name="com.hrm.testscripts.TC012_LEAVE_DefDay_SpecHolday">
        <test-method signature="holiday()[pri:0, instance:com.hrm.testscripts.TC012_LEAVE_DefDay_SpecHolday@4ddced80]" started-at="2022-10-19T17:13:07Z" name="holiday" finished-at="2022-10-19T17:13:43Z" duration-ms="35754" status="FAIL">
          <exception class="org.openqa.selenium.UnhandledAlertException">
            <message>
              <![CDATA[Dismissed user prompt dialog: Date is in use. Choose another date: 
Build info: version: '4.3.0', revision: 'a4995e2c09*'
System info: host: 'TNR', ip: '192.168.1.11', os.name: 'Windows 11', os.arch: 'amd64', os.version: '10.0', java.version: '17.0.3.1'
Driver info: org.openqa.selenium.firefox.FirefoxDriver
Command: [af7399db-ffe4-458c-b220-b541783228e4, switchToFrame {id=null}]
Capabilities {acceptInsecureCerts: true, browserName: firefox, browserVersion: 106.0, moz:accessibilityChecks: false, moz:buildID: 20221010110315, moz:debuggerAddress: 127.0.0.1:50441, moz:geckodriverVersion: 0.31.0, moz:headless: false, moz:platformVersion: 10.0, moz:processID: 27784, moz:profile: C:\Users\TNR\AppData\Local\..., moz:shutdownTimeout: 60000, moz:useNonSpecCompliantPointerOrigin: false, moz:webdriverClick: true, moz:windowless: false, pageLoadStrategy: normal, platformName: WINDOWS, proxy: Proxy(), se:cdp: ws://127.0.0.1:50441/devtoo..., se:cdpVersion: 85.0, setWindowRect: true, strictFileInteractability: false, timeouts: {implicit: 0, pageLoad: 300000, script: 30000}, unhandledPromptBehavior: dismiss and notify}
Session ID: af7399db-ffe4-458c-b220-b541783228e4]]>
            </message>
            <full-stacktrace>
              <![CDATA[org.openqa.selenium.UnhandledAlertException: Dismissed user prompt dialog: Date is in use. Choose another date: 
Build info: version: '4.3.0', revision: 'a4995e2c09*'
System info: host: 'TNR', ip: '192.168.1.11', os.name: 'Windows 11', os.arch: 'amd64', os.version: '10.0', java.version: '17.0.3.1'
Driver info: org.openqa.selenium.firefox.FirefoxDriver
Command: [af7399db-ffe4-458c-b220-b541783228e4, switchToFrame {id=null}]
Capabilities {acceptInsecureCerts: true, browserName: firefox, browserVersion: 106.0, moz:accessibilityChecks: false, moz:buildID: 20221010110315, moz:debuggerAddress: 127.0.0.1:50441, moz:geckodriverVersion: 0.31.0, moz:headless: false, moz:platformVersion: 10.0, moz:processID: 27784, moz:profile: C:\Users\TNR\AppData\Local\..., moz:shutdownTimeout: 60000, moz:useNonSpecCompliantPointerOrigin: false, moz:webdriverClick: true, moz:windowless: false, pageLoadStrategy: normal, platformName: WINDOWS, proxy: Proxy(), se:cdp: ws://127.0.0.1:50441/devtoo..., se:cdpVersion: 85.0, setWindowRect: true, strictFileInteractability: false, timeouts: {implicit: 0, pageLoad: 300000, script: 30000}, unhandledPromptBehavior: dismiss and notify}
Session ID: af7399db-ffe4-458c-b220-b541783228e4
	at org.openqa.selenium.remote.codec.w3c.W3CHttpResponseCodec.decode(W3CHttpResponseCodec.java:131)
	at org.openqa.selenium.remote.codec.w3c.W3CHttpResponseCodec.decode(W3CHttpResponseCodec.java:53)
	at org.openqa.selenium.remote.HttpCommandExecutor.execute(HttpCommandExecutor.java:184)
	at org.openqa.selenium.remote.service.DriverCommandExecutor.invokeExecute(DriverCommandExecutor.java:167)
	at org.openqa.selenium.remote.service.DriverCommandExecutor.execute(DriverCommandExecutor.java:142)
	at org.openqa.selenium.remote.RemoteWebDriver.execute(RemoteWebDriver.java:569)
	at org.openqa.selenium.remote.RemoteWebDriver$RemoteTargetLocator.defaultContent(RemoteWebDriver.java:1141)
	at com.hrm.Pages.LEAVE_DefineDayOff_SpecificHolidayPage.specialholiday(LEAVE_DefineDayOff_SpecificHolidayPage.java:55)
	at com.hrm.testscripts.TC012_LEAVE_DefDay_SpecHolday.holiday(TC012_LEAVE_DefDay_SpecHolday.java:18)
	at java.base/jdk.internal.reflect.NativeMethodAccessorImpl.invoke0(Native Method)
	at java.base/jdk.internal.reflect.NativeMethodAccessorImpl.invoke(NativeMethodAccessorImpl.java:77)
	at java.base/jdk.internal.reflect.DelegatingMethodAccessorImpl.invoke(DelegatingMethodAccessorImpl.java:43)
	at java.base/java.lang.reflect.Method.invoke(Method.java:568)
	at org.testng.internal.MethodInvocationHelper.invokeMethod(MethodInvocationHelper.java:80)
	at org.testng.internal.Invoker.invokeMethod(Invoker.java:714)
	at org.testng.internal.Invoker.invokeTestMethod(Invoker.java:901)
	at org.testng.internal.Invoker.invokeTestMethods(Invoker.java:1231)
	at org.testng.internal.TestMethodWorker.invokeTestMethods(TestMethodWorker.java:127)
	at org.testng.internal.TestMethodWorker.run(TestMethodWorker.java:111)
	at org.testng.TestRunner.privateRun(TestRunner.java:767)
	at org.testng.TestRunner.run(TestRunner.java:617)
	at org.testng.SuiteRunner.runTest(SuiteRunner.java:334)
	at org.testng.SuiteRunner.runSequentially(SuiteRunner.java:329)
	at org.testng.SuiteRunner.privateRun(SuiteRunner.java:291)
	at org.testng.SuiteRunner.run(SuiteRunner.java:240)
	at org.testng.SuiteRunnerWorker.runSuite(SuiteRunnerWorker.java:52)
	at org.testng.SuiteRunnerWorker.run(SuiteRunnerWorker.java:86)
	at org.testng.TestNG.runSuitesSequentially(TestNG.java:1198)
	at org.testng.TestNG.runSuitesLocally(TestNG.java:1123)
	at org.testng.TestNG.run(TestNG.java:1031)
	at org.testng.remote.AbstractRemoteTestNG.run(AbstractRemoteTestNG.java:115)
	at org.testng.remote.RemoteTestNG.initAndRun(RemoteTestNG.java:251)
	at org.testng.remote.RemoteTestNG.main(RemoteTestNG.java:77)
]]>
            </full-stacktrace>
          </exception> <!-- org.openqa.selenium.UnhandledAlertException -->
          <reporter-output>
            <line>
              <![CDATA[Application Opened]]>
            </line>
            <line>
              <![CDATA[Login Completed]]>
            </line>
            <line>
              <![CDATA[Title matched]]>
            </line>
            <line>
              <![CDATA[Full Day selected]]>
            </line>
            <line>
              <![CDATA[Specific Holiday Date Created]]>
            </line>
          </reporter-output>
        </test-method> <!-- holiday -->
      </class> <!-- com.hrm.testscripts.TC012_LEAVE_DefDay_SpecHolday -->
    </test> <!-- Regression1 -->
  </suite> <!-- Suite1 -->
</testng-results>
